<?xml version="1.0" encoding="UTF-8"?>
<!-- Generated by org.testng.reporters.JUnitXMLReporter -->
<testsuite hostname="Amul-PC" ignored="0" name="driven" tests="4" failures="0" timestamp="2020-03-02T20:39:23 IST" time="345.469" errors="0">
  <testcase name="dataTestOperation" time="109.444" classname="Working.with.Data.driven.framewwork.New_tours_registration_using_excel"/>
  <testcase name="operationTours" time="55.475" classname="Working.with.Modular.driven.framework.New_tours_register_verify_ss_close"/>
  <testcase name="operationSet" time="61.213" classname="Working.with.Hybrid.driven.framework.Orange_HRM_Driver_Script"/>
  <testcase name="operationSet" time="69.002" classname="Working.with.Keyword.driven.framework.Mercury_Driver_Script"/>
</testsuite> <!-- driven -->
